(---------------------------------------------------------------------)
(                                                                     )
(    Allegro Netrev Import Logic                                      )
(                                                                     )
(    Drawing          : HAENYEO1.brd                                  )
(    Software Version : 17.2S007                                      )
(    Date/Time        : Tue Dec 24 16:24:23 2019                      )
(                                                                     )
(---------------------------------------------------------------------)


------ Directives ------------

Ripup etch:                  No
Ripup delete first segment:  No
Ripup retain bondwire:       No
Ripup symbols:               Always
Missing symbol has error:    No
DRC update:                  Yes
Schematic directory:         'C:/Users/kjwoo_/Desktop/project'
Design Directory:            'C:/Users/kjwoo_/Desktop/project/ARTWORK_haenyeo1'
Old design name:             'C:/Users/kjwoo_/Desktop/project/ARTWORK_haenyeo1/HAENYEO1.brd'
New design name:             'C:/Users/kjwoo_/Desktop/project/ARTWORK_haenyeo1/HAENYEO1.brd'

CmdLine: netrev -$ -i C:/Users/kjwoo_/Desktop/project -y 1 -h -q netrev_constraint_report.xml C:/Users/kjwoo_/Desktop/project/ARTWORK_haenyeo1/#Taaaaat18980.tmp

------ Preparing to read pst files ------


#1   ERROR(24) File not found
     Packager files not found

#2   ERROR(102) Run stopped because errors were detected

netrev run on Dec 24 16:24:23 2019

   COMPILE 'logic'
   CHECK_PIN_NAMES OFF
   CROSS_REFERENCE OFF
   FEEDBACK OFF
   INCREMENTAL OFF
   INTERFACE_TYPE PHYSICAL
   MAX_ERRORS 500
   MERGE_MINIMUM 5
   NET_NAME_CHARS '#%&()*+-./:=>?@[]^_`|'
   NET_NAME_LENGTH 24
   OVERSIGHTS ON
   REPLACE_CHECK OFF
   SINGLE_NODE_NETS ON
   SPLIT_MINIMUM 0
   SUPPRESS   20
   WARNINGS ON

  2 errors detected
 No oversight detected
 No warning detected

cpu time      0:00:40
elapsed time  0:00:00

