Tue Dec 24 15:54:15 2019				Page     1


 
Update Symbols/Modules Logfile
	Tue Dec 24 15:54:15 2019

------ Module Refresh Messages ------

SUMMARY:    Updated 0 out of 0 modules

------ End Module Messages     ------



(---------------------------------------------------------------------)
(                                                                     )
(    Refresh Symbol                                                   )
(                                                                     )
(    Drawing          : HAENYEO1.brd                                  )
(    Software Version : 17.2S007                                      )
(    Date/Time        : Tue Dec 24 15:54:16 2019                      )
(                                                                     )
(---------------------------------------------------------------------)


Tue Dec 24 15:54:16 2019				Page     1


------ Symbol Refresh Directives ------

Input design  = 'C:/Users/kjwoo_/Desktop/project/ARTWORK_haenyeo1/HAENYEO1.brd'
Output design = ''

Update mechanical symbols              = 'NO'
Update format symbols                  = 'NO'
Update package symbols                 = 'YES'
Update shape/flash symbols             = 'YES'
Update symbol padstacks                = 'NO'
Preserve padstacks replaced on pins    = 'NO'
Reset symbol text and size locations   = 'NO'
Reset Pin Escapes (fanouts)            = 'NO'
Ripup Etch                             = 'NO'
Reset custom drill data                = 'NO'


------ Library Paths ------
PSMPATH =  . 
           symbols 
           .. 
           ../symbols 
           c:/cadence/spb_17.2/share/local/pcb/symbols 
           c:/cadence/spb_17.2/share/pcb/pcb_lib/symbols 
           c:/cadence/spb_17.2/share/pcb/allegrolib/symbols 
           C:/Users/kjwoo_/Desktop/library/ 

PADPATH =  . 
           symbols 
           .. 
           ../symbols 
           c:/cadence/spb_17.2/share/local/pcb/padstacks 
           c:/cadence/spb_17.2/share/pcb/pcb_lib/symbols 
           c:/cadence/spb_17.2/share/pcb/allegrolib/symbols 
           C:/Users/kjwoo_/Desktop/library/ 


------ Symbol Refresh Messages ------

'HC49SM40'  symbol refreshed successfully.
'SOP8'  symbol refreshed successfully.
'MS5803'  symbol refreshed successfully.
'MST103'  symbol refreshed successfully.
'TS-1105SMD'  symbol refreshed successfully.
'SOT-23'  symbol refreshed successfully.
'HEADER2_2P54MM'  symbol refreshed successfully.
'HEADER4_2P54MM'  symbol refreshed successfully.
'HEADER3_2P54MM'  symbol refreshed successfully.
'HEADER2_2P5MM'  symbol refreshed successfully.
'32M1-A'  symbol refreshed successfully.
'DO-214AC'  symbol refreshed successfully.
'0603LED'  symbol refreshed successfully.
'SOD-123'  symbol refreshed successfully.
'SMC0805'  symbol refreshed successfully.
'AB00'  symbol refreshed successfully.


----- Symbol Update Summary ----

Updated symbols: 16 out 16
    Design updated.

