(---------------------------------------------------------------------)
(                                                                     )
(    Allegro Netrev Import Logic                                      )
(                                                                     )
(    Drawing          : HAENYEO1.brd                                  )
(    Software Version : 17.2S007                                      )
(    Date/Time        : Wed Dec 25 14:17:17 2019                      )
(                                                                     )
(---------------------------------------------------------------------)


------ Directives ------------

Ripup etch:                  No
Ripup delete first segment:  No
Ripup retain bondwire:       No
Ripup symbols:               Always
Missing symbol has error:    No
DRC update:                  Yes
Schematic directory:         'C:\USERS\KJWOO_\DESKTOP\PROJECT\allegro'
Design Directory:            'C:/Users/kjwoo_/Desktop/project/ARTWORK_haenyeo1'
Old design name:             'C:/Users/kjwoo_/Desktop/project/ARTWORK_haenyeo1/HAENYEO1.brd'
New design name:             'C:/Users/kjwoo_/Desktop/project/ARTWORK_haenyeo1/HAENYEO1.brd'

CmdLine: netrev.exe -y 1 -i C:\USERS\KJWOO_\DESKTOP\PROJECT\allegro C:\Users\kjwoo_\Desktop\project\ARTWORK_haenyeo1\HAENYEO1.brd C:\Users\kjwoo_\Desktop\project\ARTWORK_haenyeo1\HAENYEO1.brd

------ Preparing to read pst files ------

Starting to read C:/USERS/KJWOO_/DESKTOP/PROJECT/allegro/pstchip.dat 
   Finished reading C:/USERS/KJWOO_/DESKTOP/PROJECT/allegro/pstchip.dat (00:00:00.19)
Starting to read C:/USERS/KJWOO_/DESKTOP/PROJECT/allegro/pstxprt.dat 
   Finished reading C:/USERS/KJWOO_/DESKTOP/PROJECT/allegro/pstxprt.dat (00:00:00.00)
Starting to read C:/USERS/KJWOO_/DESKTOP/PROJECT/allegro/pstxnet.dat 
   Finished reading C:/USERS/KJWOO_/DESKTOP/PROJECT/allegro/pstxnet.dat (00:00:00.00)

------ Oversights/Warnings/Errors ------


------ Library Paths ------
MODULEPATH =  . 
           c:/cadence/spb_17.2/share/local/pcb/modules 

PSMPATH =  . 
           symbols 
           .. 
           ../symbols 
           c:/cadence/spb_17.2/share/local/pcb/symbols 
           c:/cadence/spb_17.2/share/pcb/pcb_lib/symbols 
           c:/cadence/spb_17.2/share/pcb/allegrolib/symbols 
           C:/Users/kjwoo_/Desktop/library/ 

PADPATH =  . 
           symbols 
           .. 
           ../symbols 
           c:/cadence/spb_17.2/share/local/pcb/padstacks 
           c:/cadence/spb_17.2/share/pcb/pcb_lib/symbols 
           c:/cadence/spb_17.2/share/pcb/allegrolib/symbols 
           C:/Users/kjwoo_/Desktop/library/ 


------ Summary Statistics ------


netrev run on Dec 25 14:17:17 2019
   DESIGN NAME : 'HAENYEO1'
   PACKAGING ON Aug  8 2016 18:41:50

   COMPILE 'logic'
   CHECK_PIN_NAMES OFF
   CROSS_REFERENCE OFF
   FEEDBACK OFF
   INCREMENTAL OFF
   INTERFACE_TYPE PHYSICAL
   MAX_ERRORS 500
   MERGE_MINIMUM 5
   NET_NAME_CHARS '#%&()*+-./:=>?@[]^_`|'
   NET_NAME_LENGTH 24
   OVERSIGHTS ON
   REPLACE_CHECK OFF
   SINGLE_NODE_NETS ON
   SPLIT_MINIMUM 0
   SUPPRESS   20
   WARNINGS ON

 No error detected
 No oversight detected
 No warning detected

cpu time      0:02:42
elapsed time  0:00:01

